<?xml version="1.0" encoding="UTF-8"?>
<!-- Generated by org.testng.reporters.JUnitReportReporter -->
<testsuite skipped="0" hostname="LHR-SDET-MEHREN" name="tests.HomeTest" tests="1" failures="0" timestamp="12 Apr 2021 16:44:05 GMT" time="2.651" errors="0">
  <testcase name="testHomePage" time="2.651" classname="tests.HomeTest"/>
</testsuite> <!-- tests.HomeTest -->
